\BOOKMARK [1][]{section.1}{\376\377\116\000\060\001\000\040\225\356\230\230\221\315\217\360}{}% 1
\BOOKMARK [2][]{subsection.1.1}{\376\377\0001\000.\0001\000\040\225\356\230\230\200\314\146\157}{section.1}% 2
\BOOKMARK [2][]{subsection.1.2}{\376\377\0001\000.\0002\000\040\225\356\230\230\211\201\154\102}{section.1}% 3
\BOOKMARK [1][]{section.2}{\376\377\116\214\060\001\000\040\225\356\230\230\122\006\147\220}{}% 4
\BOOKMARK [2][]{subsection.2.1}{\376\377\0002\000.\0001\000\040\225\356\230\230\116\000\122\006\147\220}{section.2}% 5
\BOOKMARK [2][]{subsection.2.2}{\376\377\0002\000.\0002\000\040\225\356\230\230\116\214\122\006\147\220}{section.2}% 6
\BOOKMARK [2][]{subsection.2.3}{\376\377\0002\000.\0003\000\040\225\356\230\230\116\011\122\006\147\220}{section.2}% 7
\BOOKMARK [2][]{subsection.2.4}{\376\377\0002\000.\0004\000\040\225\356\230\230\126\333\122\006\147\220}{section.2}% 8
\BOOKMARK [1][]{section.3}{\376\377\116\011\060\001\000\040\152\041\127\213\120\107\213\276}{}% 9
\BOOKMARK [1][]{section.4}{\376\377\126\333\060\001\000\040\173\046\123\367\213\364\146\016}{}% 10
\BOOKMARK [1][]{section.5}{\376\377\116\224\060\001\000\040\225\356\230\230\116\000\152\041\127\213}{}% 11
\BOOKMARK [2][]{subsection.5.1}{\376\377\0005\000.\0001\000\040\145\160\143\156\143\317\217\360}{section.5}% 12
\BOOKMARK [2][]{subsection.5.2}{\376\377\0005\000.\0002\000\040\152\041\127\213\166\204\136\372\172\313}{section.5}% 13
\BOOKMARK [1][]{section.6}{\376\377\121\155\060\001\000\040\225\356\230\230\116\214\152\041\127\213}{}% 14
\BOOKMARK [2][]{subsection.6.1}{\376\377\0006\000.\0001\000\040\173\054\116\000\225\356}{section.6}% 15
\BOOKMARK [3][]{subsubsection.6.1.1}{\376\377\0006\000.\0001\000.\0001\000\040\145\160\143\156\121\306\131\007}{subsection.6.1}% 16
\BOOKMARK [3][]{subsubsection.6.1.2}{\376\377\0006\000.\0001\000.\0002\000\040\152\041\127\213\213\255\176\303}{subsection.6.1}% 17
\BOOKMARK [2][]{subsection.6.2}{\376\377\0006\000.\0002\000\040\225\356\230\230\116\214}{section.6}% 18
\BOOKMARK [3][]{subsubsection.6.2.1}{\376\377\0006\000.\0002\000.\0001\000\040\152\041\127\213\220\011\142\351}{subsection.6.2}% 19
\BOOKMARK [3][]{subsubsection.6.2.2}{\376\377\0006\000.\0002\000.\0002\000\040\201\352\166\370\121\163\124\214\120\117\201\352\166\370\121\163\122\006\147\220}{subsection.6.2}% 20
\BOOKMARK [3][]{subsubsection.6.2.3}{\376\377\0006\000.\0002\000.\0003\000\040\152\041\127\213\150\300\232\214}{subsection.6.2}% 21
\BOOKMARK [3][]{subsubsection.6.2.4}{\376\377\0006\000.\0002\000.\0004\000\040\145\160\143\156\176\323\213\272}{subsection.6.2}% 22
\BOOKMARK [1][]{section.7}{\376\377\116\003\060\001\000\040\225\356\230\230\116\011\152\041\127\213}{}% 23
\BOOKMARK [2][]{subsection.7.1}{\376\377\0007\000.\0001\000\040\145\160\143\156\121\306\131\007}{section.7}% 24
\BOOKMARK [2][]{subsection.7.2}{\376\377\0007\000.\0002\000\040\136\372\172\313\166\356\150\007\121\375\145\160}{section.7}% 25
\BOOKMARK [3][]{subsubsection.7.2.1}{\376\377\0007\000.\0002\000.\0001\000\040\176\246\147\137\147\141\116\366}{subsection.7.2}% 26
\BOOKMARK [2][]{subsection.7.3}{\376\377\0007\000.\0003\000\040\154\102\211\343}{section.7}% 27
\BOOKMARK [1][]{section.8}{\376\377\121\153\060\001\000\040\225\356\230\230\126\333\152\041\127\213}{}% 28
\BOOKMARK [2][]{subsection.8.1}{\376\377\0008\000.\0001\000\040\127\372\116\216\123\206\123\362\225\000\125\056\215\213\122\277\166\204\210\145\215\047}{section.8}% 29
\BOOKMARK [2][]{subsection.8.2}{\376\377\0008\000.\0002\000\040\124\150\116\000\232\330\225\000\125\056\227\000\154\102\166\204\136\224\133\371\173\126\165\145}{section.8}% 30
\BOOKMARK [2][]{subsection.8.3}{\376\377\0008\000.\0003\000\040\136\223\133\130\173\241\164\006\124\214\143\137\131\061\143\247\122\066}{section.8}% 31
\BOOKMARK [2][]{subsection.8.4}{\376\377\0008\000.\0004\000\040\145\160\143\156\122\006\147\220\124\214\117\030\123\026}{section.8}% 32
\BOOKMARK [2][]{subsection.8.5}{\376\377\0008\000.\0005\000\040\117\233\136\224\224\376\117\030\123\026}{section.8}% 33
\BOOKMARK [1][]{section.9}{\376\377\116\135\060\001\000\040\152\041\127\213\166\204\213\304\116\367}{}% 34
\BOOKMARK [2][]{subsection.9.1}{\376\377\0009\000.\0001\000\040\134\017\154\342\173\227\154\325}{section.9}% 35
\BOOKMARK [3][]{subsubsection.9.1.1}{\376\377\0009\000.\0001\000.\0001\000\040\152\041\127\213\166\204\117\030\160\271}{subsection.9.1}% 36
\BOOKMARK [3][]{subsubsection.9.1.2}{\376\377\0009\000.\0001\000.\0002\000\040\152\041\127\213\166\204\177\072\160\271}{subsection.9.1}% 37
\BOOKMARK [2][]{subsection.9.2}{\376\377\0009\000.\0002\000\040\200\132\174\173\122\006\147\220}{section.9}% 38
\BOOKMARK [3][]{subsubsection.9.2.1}{\376\377\0009\000.\0002\000.\0001\000\040\152\041\127\213\166\204\117\030\160\271}{subsection.9.2}% 39
\BOOKMARK [3][]{subsubsection.9.2.2}{\376\377\0009\000.\0002\000.\0002\000\040\152\041\127\213\166\204\177\072\160\271}{subsection.9.2}% 40
\BOOKMARK [2][]{subsection.9.3}{\376\377\0009\000.\0003\000\040\000A\000R\000I\000M\000A}{section.9}% 41
\BOOKMARK [3][]{subsubsection.9.3.1}{\376\377\0009\000.\0003\000.\0001\000\040\152\041\127\213\166\204\117\030\160\271}{subsection.9.3}% 42
\BOOKMARK [3][]{subsubsection.9.3.2}{\376\377\0009\000.\0003\000.\0002\000\040\152\041\127\213\166\204\177\072\160\271}{subsection.9.3}% 43
\BOOKMARK [1][]{section.10}{\376\377\123\101\060\001\000\040\123\302\200\003\145\207\163\056}{}% 44
\BOOKMARK [1][]{appendix.a.A}{\376\377\226\104\137\125\000\040\000A\000\040\145\207\116\366\122\027\210\150}{}% 45
\BOOKMARK [1][]{appendix.a.B}{\376\377\226\104\137\125\000\040\000B\000\040\116\343\170\001}{}% 46
